<?xml version="1.0" encoding="UTF-8"?>
<testsuite name="com.wordz.WordTest" tests="3" skipped="0" failures="0" errors="0" timestamp="2024-05-08T05:02:51" hostname="DESKTOP-OOBHPP4" time="0.042">
  <properties/>
  <testcase name="oneCorrectLetter()" classname="com.wordz.WordTest" time="0.04"/>
  <testcase name="oneIncorrectLetter()" classname="com.wordz.WordTest" time="0.001"/>
  <testcase name="onePartCorrectLetter()" classname="com.wordz.WordTest" time="0.001"/>
  <system-out><![CDATA[]]></system-out>
  <system-err><![CDATA[]]></system-err>
</testsuite>
